unityLibrary/build/intermediates/manifest_merge_blame_file/debug/manifest-merger-blame-debug-report.txt
1<?xml version="1.0" encoding="utf-8"?>
2<!-- GENERATED BY UNITY. REMOVE THIS COMMENT TO PREVENT OVERWRITING WHEN EXPORTING AGAIN -->
3<manifest xmlns:android="http://schemas.android.com/apk/res/android"
4    xmlns:tools="http://schemas.android.com/tools"
5    package="com.unity3d.player"
6    android:versionCode="1"
7    android:versionName="0.1" >
8
9    <uses-sdk
10        android:minSdkVersion="24"
10-->src/main/AndroidManifest.xml
11        android:targetSdkVersion="29" />
11-->src/main/AndroidManifest.xml
12
13    <uses-permission android:name="android.permission.FOREGROUND_SERVICE" />
13-->src/main/AndroidManifest.xml:5:3-75
13-->src/main/AndroidManifest.xml:5:20-72
14    <uses-permission android:name="android.permission.ACCESS_FINE_LOCATION" />
14-->src/main/AndroidManifest.xml:6:3-76
14-->src/main/AndroidManifest.xml:6:20-74
15    <uses-permission android:name="android.permission.ACCESS_COARSE_LOCATION" />
15-->src/main/AndroidManifest.xml:7:3-78
15-->src/main/AndroidManifest.xml:7:20-76
16    <uses-permission android:name="android.permission.INTERNET" />
16-->src/main/AndroidManifest.xml:8:3-64
16-->src/main/AndroidManifest.xml:8:20-62
17    <uses-permission android:name="android.permission.SYSTEM_ALERT_WINDOW" />
17-->src/main/AndroidManifest.xml:9:3-75
17-->src/main/AndroidManifest.xml:9:20-73
18    <uses-permission android:name="android.permission.START_ACTIVITIES_FROM_BACKGROUND" />
18-->src/main/AndroidManifest.xml:10:3-89
18-->src/main/AndroidManifest.xml:10:20-86
19    <uses-permission android:name="android.permission.CAMERA" />
19-->src/main/AndroidManifest.xml:11:3-62
19-->src/main/AndroidManifest.xml:11:20-60
20
21    <uses-feature android:glEsVersion="0x00020000" />
21-->src/main/AndroidManifest.xml:63:3-52
21-->src/main/AndroidManifest.xml:63:17-49
22
23    <uses-permission android:name="android.permission.CAMERA" />
23-->src/main/AndroidManifest.xml:11:3-62
23-->src/main/AndroidManifest.xml:11:20-60
24    <uses-permission android:name="android.permission.INTERNET" />
24-->src/main/AndroidManifest.xml:8:3-64
24-->src/main/AndroidManifest.xml:8:20-62
25    <uses-permission android:name="android.permission.CHANGE_WIFI_MULTICAST_STATE" />
25-->src/main/AndroidManifest.xml:66:3-84
25-->src/main/AndroidManifest.xml:66:20-81
26
27    <uses-feature
27-->src/main/AndroidManifest.xml:67:3-88
28        android:name="android.hardware.touchscreen"
28-->src/main/AndroidManifest.xml:67:17-60
29        android:required="false" />
29-->src/main/AndroidManifest.xml:67:61-85
30    <uses-feature
30-->src/main/AndroidManifest.xml:68:3-99
31        android:name="android.hardware.touchscreen.multitouch"
31-->src/main/AndroidManifest.xml:68:17-71
32        android:required="false" />
32-->src/main/AndroidManifest.xml:68:72-96
33    <uses-feature
33-->src/main/AndroidManifest.xml:69:3-108
34        android:name="android.hardware.touchscreen.multitouch.distinct"
34-->src/main/AndroidManifest.xml:69:17-80
35        android:required="false" />
35-->src/main/AndroidManifest.xml:69:81-105
36
37    <application>
37-->src/main/AndroidManifest.xml:13:3-62:17
38        <activity
38-->src/main/AndroidManifest.xml:15:5-24:16
39            android:name="com.unity3d.player.UnityPlayerActivity"
39-->src/main/AndroidManifest.xml:15:15-68
40            android:configChanges="mcc|mnc|locale|touchscreen|keyboard|keyboardHidden|navigation|orientation|screenLayout|uiMode|screenSize|smallestScreenSize|fontScale|layoutDirection|density"
40-->src/main/AndroidManifest.xml:19:9-190
41            android:hardwareAccelerated="false"
41-->src/main/AndroidManifest.xml:20:9-44
42            android:launchMode="singleTask"
42-->src/main/AndroidManifest.xml:18:9-40
43            android:noHistory="true"
43-->src/main/AndroidManifest.xml:22:9-33
44            android:process=":unityplayer"
44-->src/main/AndroidManifest.xml:21:9-39
45            android:screenOrientation="sensorPortrait"
45-->src/main/AndroidManifest.xml:17:9-51
46            android:theme="@style/UnityThemeSelector" >
46-->src/main/AndroidManifest.xml:16:9-50
47            <meta-data
47-->src/main/AndroidManifest.xml:23:7-82
48                android:name="unityplayer.UnityActivity"
48-->src/main/AndroidManifest.xml:23:18-58
49                android:value="true" />
49-->src/main/AndroidManifest.xml:23:59-79
50        </activity>
51        <activity
51-->src/main/AndroidManifest.xml:26:5-29:35
52            android:name="com.unity3d.player.AlarmSetActivity"
52-->src/main/AndroidManifest.xml:27:9-41
53            android:noHistory="true"
53-->src/main/AndroidManifest.xml:29:9-33
54            android:theme="@style/AppThemeNoTitleBar" />
54-->src/main/AndroidManifest.xml:28:9-50
55        <activity
55-->src/main/AndroidManifest.xml:31:5-32:52
56            android:name="com.unity3d.player.MainActivity"
56-->src/main/AndroidManifest.xml:31:15-43
57            android:theme="@style/AppThemeNoTitleBar" />
57-->src/main/AndroidManifest.xml:32:9-50
58        <activity
58-->src/main/AndroidManifest.xml:34:5-40:16
59            android:name="com.unity3d.player.IntroActivity"
59-->src/main/AndroidManifest.xml:34:15-44
60            android:theme="@style/AppThemeNoTitleBar" >
60-->src/main/AndroidManifest.xml:35:9-50
61            <intent-filter>
61-->src/main/AndroidManifest.xml:36:7-39:23
62                <action android:name="android.intent.action.MAIN" />
62-->src/main/AndroidManifest.xml:37:9-61
62-->src/main/AndroidManifest.xml:37:17-58
63
64                <category android:name="android.intent.category.LAUNCHER" />
64-->src/main/AndroidManifest.xml:38:9-69
64-->src/main/AndroidManifest.xml:38:19-66
65            </intent-filter>
66        </activity>
67        <activity
67-->src/main/AndroidManifest.xml:42:5-43:52
68            android:name="com.unity3d.player.AlarmActivity"
68-->src/main/AndroidManifest.xml:42:15-44
69            android:theme="@style/AppThemeNoTitleBar" />
69-->src/main/AndroidManifest.xml:43:9-50
70
71        <receiver
71-->src/main/AndroidManifest.xml:45:5-49:11
72            android:name="com.unity3d.player.AlarmReceiver"
72-->src/main/AndroidManifest.xml:46:9-38
73            android:enabled="true"
73-->src/main/AndroidManifest.xml:47:9-31
74            android:exported="false" />
74-->src/main/AndroidManifest.xml:48:9-33
75
76        <service
76-->src/main/AndroidManifest.xml:51:5-53:35
77            android:name="com.unity3d.player.AlarmService"
77-->src/main/AndroidManifest.xml:52:9-37
78            android:enabled="true" />
78-->src/main/AndroidManifest.xml:53:9-31
79
80        <meta-data
80-->src/main/AndroidManifest.xml:57:5-73
81            android:name="unity.tango-enable"
81-->src/main/AndroidManifest.xml:57:16-49
82            android:value="True" />
82-->src/main/AndroidManifest.xml:57:50-70
83        <meta-data
83-->src/main/AndroidManifest.xml:58:5-88
84            android:name="unityplayer.SkipPermissionsDialog"
84-->src/main/AndroidManifest.xml:58:16-64
85            android:value="true" />
85-->src/main/AndroidManifest.xml:58:65-85
86        <meta-data
86-->src/main/AndroidManifest.xml:59:5-69
87            android:name="unity.splash-mode"
87-->src/main/AndroidManifest.xml:59:16-48
88            android:value="0" />
88-->src/main/AndroidManifest.xml:59:49-66
89        <meta-data
89-->src/main/AndroidManifest.xml:60:5-74
90            android:name="unity.splash-enable"
90-->src/main/AndroidManifest.xml:60:16-50
91            android:value="True" />
91-->src/main/AndroidManifest.xml:60:51-71
92        <meta-data
92-->src/main/AndroidManifest.xml:61:5-101
93            android:name="unity.build-id"
93-->src/main/AndroidManifest.xml:61:16-45
94            android:value="330e9e1b-c651-4215-a04f-e2f684b6cb79" />
94-->src/main/AndroidManifest.xml:61:46-98
95    </application>
96
97</manifest>